<?xml version="1.0" encoding="UTF-8"?>
<!-- Generated by org.testng.reporters.JUnitReportReporter -->
<testsuite skipped="0" hostname="PUN-WKS-AC138" name="com.qa.forhonor.testcases.TestLoginPage" tests="2" failures="0" timestamp="24 Jan 2018 15:07:46 GMT" time="0.285" errors="0">
  <testcase name="testLogin" time="0.277" classname="com.qa.forhonor.testcases.TestLoginPage"/>
  <testcase name="testPagetitle" time="0.008" classname="com.qa.forhonor.testcases.TestLoginPage"/>
</testsuite> <!-- com.qa.forhonor.testcases.TestLoginPage -->
